<?xml version="1.0" encoding="UTF-8"?>
<!-- Generated by org.testng.reporters.JUnitXMLReporter -->
<testsuite hostname="Astarta-pc" name="Default test" tests="4" failures="0" timestamp="12 Dec 2015 17:56:05 GMT" time="27.851" errors="0">
  <testcase name="testCreateEmptyContact" time="2.872" classname="com.example.tests.CreateContact"/>
  <testcase name="testCreateNotEmptyContact" time="2.509" classname="com.example.tests.CreateContact"/>
  <testcase name="testEmptyTestCreation" time="1.192" classname="com.example.tests.CreateGroup"/>
  <testcase name="testNonEmptyTestCreation" time="1.315" classname="com.example.tests.CreateGroup"/>
</testsuite> <!-- Default test -->
